2025-06-17 15:48:36 [main] INFO  Log - Starting WebDriver..
2025-06-17 15:48:37 [main] INFO  Log - Starting WebDriver..
2025-06-17 15:48:42 [main] INFO  Log - Navigating to URL
2025-06-17 15:48:43 [main] INFO  Log - Starting login test..
2025-06-17 15:48:43 [main] INFO  Log - Adding Credentials..
2025-06-17 15:48:45 [main] INFO  Log - Navigating to URL
2025-06-17 15:48:46 [main] INFO  Log - Starting login test..
2025-06-17 15:48:46 [main] INFO  Log - Adding Credentials..
2025-06-17 15:48:46 [main] INFO  Log - Clicking login button..
2025-06-17 15:48:48 [main] INFO  Log - Clicking login button..
2025-06-17 15:48:52 [main] INFO  Log - Verifying page title..
2025-06-17 15:48:52 [main] INFO  Log - Closing Browser..
2025-06-17 15:48:54 [main] INFO  Log - Verifying page title..
2025-06-17 15:48:54 [main] INFO  Log - Closing Browser..
2025-06-17 22:02:47 [main] INFO  Log - Starting WebDriver..
2025-06-17 22:02:50 [main] INFO  Log - Navigating to URL
2025-06-17 22:02:51 [main] INFO  Log - Starting login test..
2025-06-17 22:02:51 [main] INFO  Log - Adding Credentials..
2025-06-17 22:02:52 [main] INFO  Log - Clicking login button..
2025-06-17 22:02:55 [main] INFO  Log - Verifying page title..
2025-06-17 22:02:56 [main] INFO  Log - Closing Browser..
2025-06-18 15:38:15 [main] INFO  Log - Starting WebDriver..
2025-06-18 15:38:18 [main] INFO  Log - Navigating to URL
2025-06-18 15:38:19 [main] INFO  Log - Starting login test..
2025-06-18 15:38:19 [main] INFO  Log - Adding Credentials..
2025-06-18 15:38:20 [main] INFO  Log - Clicking login button..
2025-06-18 15:38:24 [main] INFO  Log - Verifying page title..
2025-06-18 15:38:24 [main] INFO  Log - Closing Browser..
